<?xml version="1.0" encoding="UTF-8"?>
<!-- Generated by org.testng.reporters.JUnitReportReporter -->
<testsuite hostname="PC3000" name="mail_test.FakeTest" tests="1" failures="0" timestamp="12 Jan 2016 18:16:35 GMT" time="0.042" errors="0">
  <testcase name="myTestSecond" time="0.042" classname="mail_test.FakeTest"/>
</testsuite> <!-- mail_test.FakeTest -->
