<?xml version="1.0" encoding="UTF-8"?>
<!-- Generated by org.testng.reporters.JUnitReportReporter -->
<testsuite hostname="PC3000" name="mail_test.mailTests" tests="1" failures="0" timestamp="14 Jan 2016 15:41:11 GMT" time="18.411" errors="0">
  <testcase name="loginTest" time="18.411" classname="mail_test.mailTests"/>
</testsuite> <!-- mail_test.mailTests -->
